<?xml version="1.0" encoding="UTF-8"?>
<!-- Generated by org.testng.reporters.JUnitReportReporter -->
<testsuite hostname="admins-MacBook-Pro.local" name="smoke.MainPageSmokeTest" tests="1" failures="0" timestamp="28 Sep 2016 21:21:35 GMT" time="21.619" errors="0">
  <testcase name="clickOnHourlyCalculator" time="21.619" classname="smoke.MainPageSmokeTest"/>
</testsuite> <!-- smoke.MainPageSmokeTest -->
