<?xml version="1.0" encoding="UTF-8"?>
<!-- Generated by org.testng.reporters.JUnitReportReporter -->
<testsuite hostname="admins-MacBook-Pro.local" name="smoke.MainPageSmokeTest" tests="2" failures="0" timestamp="28 Sep 2016 04:07:33 GMT" time="12.283" errors="0">
  <testcase name="clickOnHourlyCalculator" time="6.106" classname="smoke.MainPageSmokeTest"/>
  <testcase name="clickOnSalaryCalculator" time="6.177" classname="smoke.MainPageSmokeTest"/>
</testsuite> <!-- smoke.MainPageSmokeTest -->
