<?xml version="1.0" encoding="UTF-8"?>
<!-- Generated by org.testng.reporters.JUnitReportReporter -->
<testsuite hostname="admins-MacBook-Pro.local" name="smoke.MainPageSmokeTest" tests="1" failures="0" timestamp="29 Sep 2016 03:15:28 GMT" time="4.678" errors="0">
  <testcase name="clickOnHourlyCalculator" time="4.678" classname="smoke.MainPageSmokeTest"/>
</testsuite> <!-- smoke.MainPageSmokeTest -->
